<?xml version="1.0" encoding="UTF-8"?>
<!-- Generated by org.testng.reporters.JUnitXMLReporter -->
<testsuite hostname="sudheer-PC" ignored="0" name="Test" tests="3" failures="0" timestamp="28 Jun 2019 03:00:04 GMT" time="25.983" errors="0">
  <testcase name="loginPageTitleTest" time="0.013" classname="com.OHRMS.testcasescripts.LoginPageTest"/>
  <testcase name="verifyHomePageTitleTest" time="0.008" classname="com.OHRMS.testcasescripts.HomePageTest"/>
  <testcase name="LoginTest" time="5.417" classname="com.OHRMS.testcasescripts.LoginPageTest"/>
</testsuite> <!-- Test -->
