<?xml version="1.0" encoding="UTF-8"?>
<!-- Generated by org.testng.reporters.JUnitXMLReporter -->
<testsuite ignored="1" hostname="sudheer-PC" failures="0" tests="1" name="Test(failed)" time="15.309" errors="0" timestamp="18 Apr 2018 11:13:18 GMT">
  <testcase classname="com.OHRMS.testcasescripts.LoginPageTest" name="LoginTest" time="4.914"/>
  <testcase classname="com.OHRMS.testcasescripts.LoginPageTest" name="loginPageTitleTest" time="0.0">
    <ignored/>
  </testcase> <!-- loginPageTitleTest -->
</testsuite> <!-- Test(failed) -->
